[   .0000]niialinggrousuyscpuset
[   .0000] Itiizincgupsubs c
[   .0000]nialzing cgroup subsys cpuacct
[    0.000000] Linux version 4.4.0-71-generic (buildd@lcy01-05) (gcc version 5.4.0 20160609 (Ubuntu 5.4.0-6ubuntu1~16.04.4) ) #92-Ubuntu SMP Fri Mar 24 12:59:01 UTC 2017 (Ubuntu 4.4.0-71.92-generic 4.4.49)
[    0.000000] Command line: BOOT_IMAGE=/boot/vmlinuz-4.4.0-71-generic root=LABEL=cloudimg-rootfs ro console=tty1 console=ttyS0
[    0.000000] KERNEL supported cpus:
[    0.000000]   Intel GenuineIntel
[    0.000000]   AMD AuthenticAMD
[    0.000000]   Centaur CentaurHauls
[    0.000000] x86/fpu: xstate_offset[2]:  576, xstate_sizes[2]:  256
[    0.000000] x86/fpu: Supporting XSAVE feature 0x01: 'x87 floating point registers'
[    0.000000] x86/fpu: Supporting XSAVE feature 0x02: 'SSE registers'
[    0.000000] x86/fpu: Supporting XSAVE feature 0x04: 'AVX registers'
[    0.000000] x86/fpu: Enabled xstate features 0x7, context size is 832 bytes, using 'standard' format.
[    0.000000] x86/fpu: Using 'lazy' FPU context switches.
[    0.000000] e820: BIOS-provided physical RAM map:
[    0.000000] BIOS-e820: [mem 0x0000000000000000-0x000000000009fbff] usable
[    0.000000] BIOS-e820: [mem 0x000000000009fc00-0x000000000009ffff] reserved
[    0.000000] BIOS-e820: [mem 0x00000000000f0000-0x00000000000fffff] reserved
[    0.000000] BIOS-e820: [mem 0x0000000000100000-0x000000003ffeffff] usable
[    0.000000] BIOS-e820:[m 0000000ff00-00000003ffff API da[    .000] OS82: [m 00000000fc00-0x0000fffff]eserd    0000] X xeute Disbl poteconactive
[    0.000] SMOS.5 prent
[    0.000 Hpervoretecd:VM
[  .0000]82 last_n 0x3f0 x_rch_pf= 400000
[   0.0000MTRRDibld
[    0000] x/P: TRRsisled, skppg T iniazaion o.
[   00000] 6/T: Cfiraion -7 WB T C-UC      UC U [   .000] CP MTRRsll bnk vrtuazesyst.    0000 fndMPMP-tlet [m 000fff0-x09ff] mpp a [ff880009f0
[    .0000]canng aras fr ow mery corruption
[    0.000000] RAMDISK: [mem 0x36ae8000-0x3756bfff]
[    0.000000] ACPI: Early table checksum verification disabled
[    0.000000] ACPI: RSDP 0x00000000000E0000 000024 (v02 VBOX  )
[    0.000000] ACPI: XSDT 0x000000003FFF0030 00003C (v01 VBOX   VBOXXSDT 00000001 ASL  00000061)
[    0.000000] ACPI: FACP 0x000000003FFF00F0 0000F4 (v04 VBOX   VBOXFACP 00000001 ASL  00000061)
[    0.000000] ACPI: DSDT 0x00000000FF70 00211 (1 OX  BOIO 000002 IN 20110
    0.00] CPI:AC0x00003FF0200040
  0.0000AC: ACS 0000003FFF0200 000040
[    0.000000] ACPI: APIC 0x000000003FFF0240 00005C (v02 VBOX   VBOXAPIC 00000001 ASL  00000061)
[    0.000000] ACPI: SS 00000003F02 0001C(v VOX  BOPUT 0002INTL 2608)
  0.0000 NNUA coigatonoud
[  0.000] Fina ode  [m 0x0000000000x000003fffff]
[    0.000000] NODE_DATA(0) allocated [mem 0x3ffeb000-0x3ffeffff]
[    0.000000] kvm-clock: Using msrs 4b564d01 and 4b564d00
[    0.000000] kvm-clock: cpu 0, msr 0:3ffe3001, primary cpu clock
[    0.000000] kvm-clock: using sched offset of 2967987872 cycles
[    0.000000] clocksource: kvm-clock: mask: 0xffffffffffffffff max_cycles: 0x1cd42e4dffb, maxdlns 8815905983s
[   0000] Zone ranges:
[    0.000000]   DMA      [mem 0x0000000000001000-0x0000000000ffffff]
[    0.000000]   DMA32    [mem 0x000000000100000x000000ffffff]
[    0.000000]   Normal   empty
[    0.000000]   Device   empty
[    0.000000] Movable zone start for each node
[    0.000000] Early memory node ranges
[    0.000000]   node   0: [mem 0x000000000001000x000000eff]
  .00000] no   0: [m 00000000000-0x000000feffff
[    00000]Inme setupod0 [m 000000000010-000000feff
  0.0000ACI: PTir O Po: x408
  0.0000] OAIC]: ac_ 2 vsi 1, ades0xfec000GSI 23[   .000] ACPI I_SC_OV(b 0 b_i 0glob_i 2 d d)
[  00000] ACPIINSRC_OV(b 0 b_i 9globl_q  higlel)
[   0000] Uin API(MAD f SP coigatioinrmtion
[    0.000000] smpboot: Allowing 2 CPUs, 0 hotplug CPUs
[    0.000000] PM: Registered nosave memory: [mem 0x00000000-0x00000fff]
[    0.000000] PM: Registered nosave memory: [mem 0x0009f000-0x0009ffff]
[    0.000000] PM: Registered nosave memory: [mem 0x000a0000-0x000effff]
[    0.000000] PM: Registered nosave memor: me 0x00f000x00ffff][   .0000] e820[m 0400000xfffff] ailae r CI devic
   0.000] otinpavitualederne oKV
[    0.0000]locksource: refine-jfi: ma: ffffffff max_cycles: 0xffffffff, max_idle_ns: 7645519600211568 ns
[    00000setupepu NCP:52 _cmak_bi:512nrcpu_ds n_nodid1
[  00000] RC: Emdd 3 pag/c @ff80fc0000984 r82 872 u185
[    0.000000] PV qspinlock hash table entries: 256 (order: 0, 4096 bytes)
[    0.000000] Built 1 zonelists in Node order, mobility grouping on.  Total pages: 257913
[    0.0000Poli ze:DMA3
[    00000 Kne cma lne: OTMAGEbo/vlinu4..0-71-genec ot=LELlodimgoos roonletty1onle=tyS
[    00000 P hsh tlentri: 96(ord:  327 bes
[  00000 Mor: 012K1012 aailable (842Kkeel cod 13K rda, 76K da, 484Kni 131 b, 63K seved,0Kmareserve
  0.0000]LU: HWli=6, Orr=3,MinOec=0, Us2,odes
  0.00000]iearchical RCU implementation.
[    0.000000] 	Build-time adjustment of leaf fanout to 64.
[    0.000000] 	RCU restricting CPUs from NR_CPUS=512 to nr_cpu_ids=2.
[    0.000000] RCU: Adjusting geometry for rcu_fanout_leaf=64, nr_cpu_ids=2
[    0.000000] NR_IRQS:33024 nr_irqs:440 16
[    0.000000] Console: colour VGA+ 80x25
[    0.000000] console [tty1] enabled
[    0.000000] console [ttyS0] enabled
[  000000] tsc: Detected 2394.524 MHz processor
[   11.793971] Calibrating delay loop (skipped) preset value.. 4789.04 BogoMIPS (lpj=9578096)
[   11.802327] pid_max: default: 32768 minimum: 301
[   11.803109] ACPI: Core revision 20150930
[   11.804625] ACPI: 2 ACPI AML tables successfully acquired and loaded
[   11.806813] Security Framework initialized
[   11.814702] Yama: becoming mindful.
[   11.815339] AppArmor: AppArmor initialized
[   11.816142] Dentry cache hash table entries: 131072 (order: 8, 1048576 bytes)
[   11.817358] Inode-cache hash table entries: 65536 (order: 7, 524288 bytes)
[   11.818863] Mount-cache hash table entries: 2048 (order: 2, 16384 bytes)
[   11.823277] Mountpoint-cache hash table entries: 2048 (order: 2, 16384 bytes)
[   11.824458] Initializing cgroup subsys io
[   11.826225] Initializing cgroup subsys memory
[   11.826994] Initializing cgroup subsys devices
[   11.834838] Initializing cgroup subsys freezer
[   11.837845] Initializing cgroup subsys net_cls
[   11.842990] Initializing cgroup subsys perf_event
[   11.854978] Initializing cgroup subsys net_prio
[   11.857955] Initializing cgroup subsys hugetlb
[   11.885726] Initializing cgroup subsys pids
[   11.934084] CPU: Physical Processor ID: 0
[   11.966418] CPU: Processor Core ID: 0
[   12.018181] mce: CPU supports 0 MCE banks
[   12.090976] Last level iTLB entries: 4KB 1024, 2MB 1024, 4MB 1024
[   12.197549] Last level dTLB entries: 4KB 1024, 2MB 1024, 4MB 1024, 1GB 4
[   12.310621] Freeing SMP alternatives memory: 32K (ffffffff820b8000 - ffffffff820c0000)
[   12.337072] ftrace: allocating 32111 entries in 126 pages
[   12.436651] smpboot: APIC(0) Converting physical 0 to logical package 0
[   12.618538] smpboot: Max logical packages: 1
[   12.742628] ..TIMER: vector=0x30 apic1=0 pin1=2 apic2=-1 pin2=-1
[   12.893437] smpboot: CPU0: Intel(R) Core(TM) i7-4700MQ CPU @ 2.40GHz (family: 0x6, model: 0x3c, stepping: 0x3)
[   13.009732] Performance Events: unsupported p6 CPU model 60 no PMU driver, software events only.
[   13.011087] KVM setup paravirtual spinlock
[   13.012323] x86: Booting SMP configuration:
[   13.012958] .... node  #0, CPUs:      #1
[   13.013664] kvm-clock: cpu 1, msr 0:3ffe3041, secondary cpu clock
[   13.180626] mce: CPU supports 0 MCE banks
[   13.310804] x86: Booted up 1 node, 2 CPUs
[   13.392650] smpboot: Total of 2 processors activated (9578.09 BogoMIPS)
[   13.402403] devtmpfs: initialized
[   13.470968] evm: security.selinux
[   13.567632] evm: security.SMACK64
[   13.664440] evm: security.SMACK64EXEC
[   13.771386] evm: security.SMACK64TRANSMUTE
[   13.829618] evm: security.SMACK64MMAP
[   13.832488] evm: security.ima
[   13.890472] evm: security.capability
[   13.951787] clocksource: jiffies: mask: 0xffffffff max_cycles: 0xffffffff, max_idle_ns: 7645041785100000 ns
[   14.026987] pinctrl core: initialized pinctrl subsystem
[   14.035910] RTC time: 14:55:37, date: 04/08/17
[   14.037130] NET: Registered protocol family 16
[   14.072927] cpuidle: using governor ladder
[   14.085056] cpuidle: using governor menu
[   14.085876] PCCT header not found.
[   14.086554] ACPI: bus type PCI registered
[   14.087179] acpiphp: ACPI Hot Plug PCI Controller Driver version: 0.5
[   14.088091] PCI: Using configuration type 1 for base access
[   14.102478] ACPI: Added _OSI(Module Device)
[   14.108465] ACPI: Added _OSI(Processor Device)
[   14.109199] ACPI: Added _OSI(3.0 _SCP Extensions)
[   14.109938] ACPI: Added _OSI(Processor Aggregator Device)
[   14.111365] ACPI: Executed 1 blocks of module-level executable AML code
[   14.114171] ACPI: Interpreter enabled
[   14.114825] ACPI: (supports S0 S5)
[   14.115420] ACPI: Using IOAPIC for interrupt routing
[   14.116315] PCI: Using host bridge windows from ACPI; if necessary, use "pci=nocrs" and report a bug
[   14.120743] ACPI: PCI Root Bridge [PCI0] (domain 0000 [bus 00-ff])
[   14.121646] acpi PNP0A03:00: _OSC: OS supports [ASPM ClockPM Segments MSI]
[   14.122614] acpi PNP0A03:00: _OSC failed (AE_NOT_FOUND); disabling ASPM
[   14.123562] acpi PNP0A03:00: fail to add MMCONFIG information, can't access extended PCI configuration space under this bridge.
[   14.125397] PCI host bridge to bus 0000:00
[   14.126054] pci_bus 0000:00: root bus resource [io  0x0000-0x0cf7 window]
[   14.126975] pci_bus 0000:00: root bus resource [io  0x0d00-0xffff window]
[   14.127891] pci_bus 0000:00: root bus resource [mem 0x000a0000-0x000bffff window]
[   14.129066] pci_bus 0000:00: root bus resource [mem 0x40000000-0xffdfffff window]
[   14.130263] pci_bus 0000:00: root bus resource [bus 00-ff]
[   14.132224] pci 0000:00:01.1: legacy IDE quirk: reg 0x10: [io  0x01f0-0x01f7]
[   14.133186] pci 0000:00:01.1: legacy IDE quirk: reg 0x14: [io  0x03f6]
[   14.134098] pci 0000:00:01.1: legacy IDE quirk: reg 0x18: [io  0x0170-0x0177]
[   14.135054] pci 0000:00:01.1: legacy IDE quirk: reg 0x1c: [io  0x0376]
[   14.160208] ACPI: PCI Interrupt Link [LNKA] (IRQs 5 9 10 11) *0, disabled.
[   14.328066] ACPI: PCI Interrupt Link [LNKB] (IRQs 5 9 10 *11)
[   14.469718] ACPI: PCI Interrupt Link [LNKC] (IRQs 5 9 *10 11)
[   14.478275] ACPI: PCI Interrupt Link [LNKD] (IRQs 5 *9 10 11)
[   14.479455] ACPI: Enabled 2 GPEs in block 00 to 07
[   14.480574] vgaarb: setting as boot device: PCI:0000:00:02.0
[   14.481347] vgaarb: device added: PCI:0000:00:02.0,decodes=io+mem,owns=io+mem,locks=none
[   14.482534] vgaarb: loaded
[   14.491512] vgaarb: bridge control possible 0000:00:02.0
[   14.492417] SCSI subsystem initialized
[   14.493135] ACPI: bus type USB registered
[   14.493784] usbcore: registered new interface driver usbfs
[   14.494509] usbcore: registered new interface driver hub
[   14.495276] usbcore: registered new device driver usb
[   14.496258] PCI: Using ACPI for IRQ routing
[   14.497115] NetLabel: Initializing
[   14.497647] NetLabel:  domain hash size = 128
[   14.498269] NetLabel:  protocols = UNLABELED CIPSOv4
[   14.499006] NetLabel:  unlabeled traffic allowed by default
[   14.499887] amd_nb: Cannot enumerate AMD northbridges
[   14.500624] clocksource: Switched to clocksource kvm-clock
[   14.506997] AppArmor: AppArmor Filesystem Enabled
[   14.509379] pnp: PnP ACPI init
[   14.510468] pnp: PnP ACPI: found 3 devices
[ 14211]losoceac_pm: sk0xfff max_cycle 0ffffmaid_n 25702ns[ 15721]ETReiserd rocofaly
[   .92838TCesblheha tlentes81 (de 46536yt)
[  6.51] P ndas tab eri: 92orer 51372yt)  7.63] P:astaesongud stlish 82 nd19
  18.2352 U hh blenie 52 rd:  184yt)  8.9770 U-Le shab eri: 12(ode 2164 te
  9.84] T:egted otol fmi 1[ 20339]ci00000. Litg re P/P tnsrs[ 20623] pi 000:.0AcvangSAMAanwoarnd

[   21.589007] Unpacking initramfs...
[   23.182374] Freeing initrd memory: 10768K (ffff880036ae8000 - ffff88003756c000)
[   23.391947] RAPL PMU detected, API unit is 2^-32 Joules, 4 fixed counters 10737418240 ms ovfl timer
[   23.601343] hw unit of domain pp0-core 2^-0 Joules
[   23.654090] hw unit of domain package 2^-0 Joules
[   23.658489] hw unit of domain dram 2^-0 Joules
[   23.659195] hw unit of domain pp1-gpu 2^-0 Joules
[   23.660024] platform rtc_cmos: registered platform RTC device (no PNP device found)
[   236662Scni f l mor corptn er60ecds
[   24.315714] futex hash table entries: 512 (order: 3, 32768 bytes)
[   24.481380] audit: initializing netlink subsys (disabled)
[   24.622332] audit: type=2000 audit(1491663338.701:1): initialized
[   24.623559] Initialise system trusted keyring
[   24.626653] HugeTLB registered 2 MB page size, pre-allocated 0 pages
[   24.628878] zbud: loaded
[   24.638544] VFS: Disk quotas dquot_6.6.0
[  2.62422] FS: Dquot-cache hash table entries: 512 (order 0, 4096 bytes)
[   24.747305] tsc: Refined TSC clocksource calibration: 2394.922 MHz
[   24.748223] clocksource: tsc: mask: 0xffffffffffffffff max_cycles: 0x22857a55b9e, max_idle_ns: 440795226329 ns

[   24.750024] squashfs: version 4.0 (2009/01/31) Phillip Lougher
[   4.51255] fuse init (API version 7.23)

[  2.74860] Key type big_key registered
[   24.857455] Allocating IMA MOK and blacklist keyrings.

[   24.860065] Key type asymmetric registered
[   24.861855] Asymmetric key parser 'x509' registered
[   24.881441] Block layer SCSI generic (bsg) driver version 0.4 loaded (major 249)
[   24.891045] io scheduler noop registered
[   24.892882] io scheduler deadline registered (default)
[   24.910469] io scheduler cfq registered
[   24.911255] pci_hotplug: PCI Hot Plug PCI Core version: 0.5
[   24.913540] pciehp: PCI Express Hot Plug Controller Driver version: 0.4
[   24.921594] ACPI: AC Adapter [AC] (on-line)
[   24.941308] input: Power Button as /devices/LNXSYSTM:00/LNXPWRBN:00/input/input0
[   24.949834] ACPI: Power Button [PWRF]
[   24.958363] input: Sleep Button as /devices/LNXSYSTM:00/LNXSLPBN:00/input/input1
[   24.962972] ACPI: Sleep Button [SLPF]
[   24.970555] GHES: HEST is not enabled!
[   24.971044] ACPI: Battery Slot [BAT0] (battery present)
[   4.980363] Serial: 8250/16550 driver, 32 ports, IRQ sharing enabled
[  25.024108] 00:02: ttyS0 at I/O 0x3f8 (irq = 4, base_baud = 115200) is a 16550A

[  25.049419] Linux agpgart interface v0.103

[   25.073160] loop: module loaded
[   25.103049] scsi host0: ata_piix
[   25.114494] scsi host1: ata_piix
[   25.117284] ata1: PATA max UDMA/33 cmd 0x1f0 ctl 0x3f6 bmdma 0xd000 irq 14
[   25.118293] ata2: PATA max UDMA/33 cmd 0x170 ctl 0x376 bmdma 0xd008 irq 15
[   25.119386] libphy: Fixed MDIO Bus: probed
[   25.121201] tun: Universal TUN/TAP device driver, 1.6
[   25.122030] tun: (C) 1999-2004 Max Krasnyansky <maxk@qualcomm.com>
[   25.123067] PPP generic driver version 2.4.2
[   25.126532] ehci_hcd: USB 2.0 'Enhanced' Host Controller (EHCI) Driver
[   25.138615] ehci-pci: EHCI PCI platform driver
[   25.139374] ehci-platform: EHCI generic platform driver
[   25.140204] ohci_hcd: USB 1.1 'Open' Host Controller (OHCI) Driver
[   25.141166] ohci-pci: OHCI PCI platform driver
[   25.141938] ohci-platform: OHCI generic platform driver
[   25.142789] uhci_hcd: USB Universal Host Controller Interface driver
[   25.143771] i8042: PNP: PS/2 Controller [PNP0303:PS2K,PNP0f03:PS2M] at 0x60,0x64 irq 1,12
[   25.146531] serio: i8042 KBD port at 0x60,0x64 irq 1
[   25.150509] serio: i8042 AUX port at 0x60,0x64 irq 12
[   25.151580] mousedev: PS/2 mouse device common for all mice
[   25.153904] input: AT Translated Set 2 keyboard as /devices/platform/i8042/serio0/input/input2
[   25.158335] rtc_cmos rtc_cmos: rtc core: registered rtc_cmos as rtc0
[   25.160520] rtc_cmos rtc_cmos: alarms up to one day, 114 bytes nvram
[   25.161381] i2c /dev entries driver
[   25.161982] device-mapper: uevent: version 1.0.3
[   25.162718] device-mapper: ioctl: 4.34.0-ioctl (2015-10-28) initialised: dm-devel@redhat.com
[   25.165911] ledtrig-cpu: registered to indicate activity on CPUs
[   25.167397] NET: Registered protocol family 10
[   25.169477] NET: Registered protocol family 17
[   25.172122] Key type dns_resolver registered
[   25.172953] microcode: CPU0 sig=0x306c3, pf=0x40, revision=0x0
[   25.212294] microcode: CPU1 sig=0x306c3, pf=0x40, revision=0x0
[   25.214470] microcode: Microcode Update Driver: v2.01 <tigran@aivazian.fsnet.co.uk>, Peter Oruba
[   25.223100] registered taskstats version 1
[   25.223747] Loading compiled-in X.509 certificates
[   25.225065] Loaded X.509 cert 'Build time autogenerated kernel key: 812d956779f79f89ad448268b75be2bbdc5d2bc7'
[   25.233150] zswap: loaded using pool lzo/zbud
[   25.237540] Key type trusted registered
[   25.242200] Key type encrypted registered
[   25.252908] AppArmor: AppArmor sha1 policy hashing enabled
[   25.444206] ima: No TPM chip found, activating TPM-bypass!
[   25.651132] evm: HMAC attrs: 0x1
[   25.714375]   Magic number: 13:961:939
[   25.716337] rtc_cmos rtc_cmos: setting system clock to 2017-04-08 14:55:48 UTC (1491663348)
[   25.717765] BIOS EDD facility v0.16 2004-Jun-25, 0 devices found
[   25.909121] EDD information not available.
[   26.065309] Freeing unused kernel memory: 1484K (ffffffff81f45000 - ffffffff820b8000)
[   26.264550] Write protecting the kernel read-only data: 14336k
[   26.266037] Freeing unused kernel memory: 1776K (ffff880001844000 - ffff880001a00000)
[   26.269368] Freeing unused kernel memory: 120K (ffff880001de2000 - ffff880001e00000)
Loading, please wait...
starting version 229
[   26.283293] random: systemd-udevd: uninitialized urandom read (16 bytes read, 3 bits of entropy available)
[   26.283836] random: udevadm: uninitialized urandom read (16 bytes read, 3 bits of entropy available)
[   26.283865] random: udevadm: uninitialized urandom read (16 bytes read, 3 bits of entropy available)
[   26.283962] random: udevadm: uninitialized urandom read (16 bytes read, 3 bits of entropy available)
[   26.283997] random: udevadm: uninitialized urandom read (16 bytes read, 3 bits of entropy available)
[   26.284028] random: udevadm: uninitialized urandom read (16 bytes read, 3 bits of entropy available)
[   26.284061] random: udevadm: uninitialized urandom read (16 bytes read, 3 bits of entropy available)
[   26.284092] random: udevadm: uninitialized urandom read (16 bytes read, 3 bits of entropy available)
[   26.284124] random: udevadm: uninitialized urandom read (16 bytes read, 3 bits of entropy available)
[   26.284156] random: udevadm: uninitialized urandom read (16 bytes read, 3 bits of entropy available)
[   26.787898] e1000: Intel(R) PRO/1000 Network Driver - version 7.3.21-k8-NAPI
[   26.892589] e1000: Copyright (c) 1999-2006 Intel Corporation.
[   26.911868] AVX version of gcm_enc/dec engaged.
[   26.917534] Fusion MPT base driver 3.04.20
[   26.917534] Copyright (c) 1999-2008 LSI Corporation
[   26.924354] AES CTR mode by8 optimization enabled
[   26.928388] Fusion MPT SPI Host driver 3.04.20
[   27.106817] input: ImExPS/2 Generic Explorer Mouse as /devices/platform/i8042/serio1/input/input4
[   27.244601] e1000 0000:00:03.0 eth0: (PCI:33MHz:32-bit) 02:6f:83:38:c1:e5
[   27.273575] e1000 0000:00:03.0 eth0: Intel(R) PRO/1000 Network Connection
[   27.277080] mptbase: ioc0: Initiating bringup
[   27.340933] ioc0: LSI53C1030 A0: Capabilities={Initiator}
[   27.522142] scsi host2: ioc0: LSI53C1030 A0, FwRev=00000000h, Ports=1, MaxQ=256, IRQ=20
[   27.657093] scsi 2:0:0:0: Direct-Access     VBOX     HARDDISK         1.0  PQ: 0 ANSI: 5
[   27.727633] scsi target2:0:0: Beginning Domain Validation
[   27.777053] scsi target2:0:0: Domain Validation skipping write tests
[   27.786468] scsi target2:0:0: Ending Domain Validation
[   27.787301] scsi target2:0:0: asynchronous
[   27.788304] scsi 2:0:1:0: Direct-Access     VBOX     HARDDISK         1.0  PQ: 0 ANSI: 5
[   27.790831] scsi target2:0:1: Beginning Domain Validation
[   27.793074] scsi target2:0:1: Domain Validation skipping write tests
[   27.807097] scsi target2:0:1: Ending Domain Validation
[   27.813372] scsi target2:0:1: asynchronous
[   27.919483] sd 2:0:0:0: Attached scsi generic sg0 type 0
[   27.999490] e1000 0000:00:08.0 eth1: (PCI:33MHz:32-bit) 08:00:27:70:43:29
[   27.999492] e1000 0000:00:08.0 eth1: Intel(R) PRO/1000 Network Connection
[   28.302161] e1000 0000:00:03.0 enp0s3: renamed from eth0
[   28.303599] sd 2:0:0:0: [sda] 20971520 512-byte logical blocks: (10.7 GB/10.0 GiB)
[   28.305560] sd 2:0:0:0: [sda] Write Protect is off
[   28.305692] sd 2:0:1:0: Attached scsi generic sg1 type 0
[   28.305806] sd 2:0:1:0: [sdb] 20480 512-byte logical blocks: (10.5 MB/10.0 MiB)
[   28.305914] sd 2:0:1:0: [sdb] Write Protect is off
[   28.306001] sd 2:0:1:0: [sdb] Incomplete mode parameter data
[   28.306002] sd 2:0:1:0: [sdb] Assuming drive cache: write through
[   28.310052] sd 2:0:1:0: [sdb] Attached SCSI disk
[   28.311657] sd 2:0:0:0: [sda] Incomplete mode parameter data
[   28.312427] sd 2:0:0:0: [sda] Assuming drive cache: write through
[   28.315110]  sda: sda1
[   28.397373] e1000 0000:00:08.0 enp0s8: renamed from eth1
[   28.402360] sd 2:0:0:0: [sda] Attached SCSI disk
[   30.022763] floppy0: no floppy controllers found
Begin: Loading e[   31.422574] md: linear personality registered for level -1
ssential drivers[   31.533608] md: multipath personality registered for level -4
 ... [   31.703640] md: raid0 personality registered for level 0
[   31.834115] md: raid1 personality registered for level 1
[   31.916708] raid6: sse2x1   gen()  9992 MB/s
[   32.104664] raid6: sse2x1   xor()  7382 MB/s
[   32.176669] raid6: sse2x2   gen() 12657 MB/s
[   32.360671] raid6: sse2x2   xor()  8679 MB/s
[   32.544672] raid6: sse2x4   gen() 14978 MB/s
[   32.680669] raid6: sse2x4   xor() 10110 MB/s
[   32.728766] raid6: using algorithm sse2x4 gen() 14978 MB/s
[   32.874324] raid6: .... xor() 10110 MB/s, rmw enabled
[   33.001714] raid6: using ssse3x2 recovery algorithm
[   33.136672] xor: automatically using best checksumming function:
[   33.180665]    avx       : 20150.000 MB/sec
[   33.330463] async_tx: api initialized (async)
[   33.469256] md: raid6 personality registered for level 6
[   33.623904] md: raid5 personality registered for level 5
[   33.766458] md: raid4 personality registered for level 4
[   33.780859] md: raid10 personality registered for level 10
done.
Begin: Running /scripts/init-premount ... done.
Begin: Mounting root file syst[   33.819934] Btrfs loaded
em ... Begin: Running /scripts/local-top ... don[   33.948882] EXT4-fs (sda1): INFO: recovery required on readonly filesystem
e.
Begin: Runni[   34.164020] EXT4-fs (sda1): write access will be enabled during recovery
ng /scripts/local-premount ... S[   34.267021] EXT4-fs (sda1): orphan cleanup on readonly fs
canning for Btrfs filesystems
done.
Warning: fsck not present, so skipping root file system
[   34.273428] EXT4-fs (sda1): 7 orphan inodes deleted
[   34.274245] EXT4-fs (sda1): recovery complete
[   34.275593] EXT4-fs (sda1): mounted filesystem with ordered data mode. Opts: (null)
done.
Begin: Running /scripts/local-bottom ... done.
Begin: Running /scripts/init-bottom ... done.
[   34.382787] systemd[1]: systemd 229 running in system mode. (+PAM +AUDIT +SELINUX +IMA +APPARMOR +SMACK +SYSVINIT +UTMP +LIBCRYPTSETUP +GCRYPT +GNUTLS +ACL +XZ -LZ4 +SECCOMP +BLKID +ELFUTILS +KMOD -IDN)
[   34.392387] systemd[1]: Detected virtualization oracle.
[   34.394494] systemd[1]: Detected architecture x86-64.

Welcome to [1mUbuntu 16.04.2 LTS[0m!

[   34.399026] systemd[1]: Set hostname to <udemy>.
[   34.524375] systemd[1]: Listening on /dev/initctl Compatibility Named Pipe.
[[0;32m  OK  [0m] Listening on /dev/initctl Compatibility Named Pipe.
[   34.613962] systemd[1]: Listening on Journal Audit Socket.
[[0;32m  OK  [0m] Listening on Journal Audit Socket.
[   34.615533] systemd[1]: Reached target Swap.
[[0;32m  OK  [0m] Reached target Swap.
[   34.616832] systemd[1]: Listening on Journal Socket (/dev/log).
[[0;32m  OK  [0m] Listening on Journal Socket (/dev/log).
[   34.618305] systemd[1]: Reached target Encrypted Volumes.
[[0;32m  OK  [0m] Reached target Encrypted Volumes.
[   34.621996] systemd[1]: Listening on udev Control Socket.
[[0;32m  OK  [0m] Listening on udev Control Socket.
[   34.793007] systemd[1]: Listening on LVM2 metadata daemon socket.
[[0;32m  OK  [0m] Listening on LVM2 metadata daemon socket.
[   34.908915] systemd[1]: Listening on Syslog Socket.
[[0;32m  OK  [0m] Listening on Syslog Socket.
[   35.112878] systemd[1]: Listening on LVM2 poll daemon socket.
[[0;32m  OK  [0m] Listening on LVM2 poll daemon socket.
[   35.276870] systemd[1]: Listening on udev Kernel Socket.
[[0;32m  OK  [0m] Listening on udev Kernel Socket.
[   35.525207] systemd[1]: Listening on Device-mapper event daemon FIFOs.
[[0;32m  OK  [0m] Listening on Device-mapper event daemon FIFOs.
[   35.805017] systemd[1]: Listening on Journal Socket.
[[0;32m  OK  [0m] Listening on Journal Socket.
[   35.840560] systemd[1]: Created slice User and Session Slice.
[[0;32m  OK  [0m] Created slice User and Session Slice.
[   35.857149] systemd[1]: Created slice System Slice.
[[0;32m  OK  [0m] Created slice System Slice.
[   35.880998] systemd[1]: Starting Journal Service...
         Starting Journal Service...
[   36.065274] systemd[1]: Created slice system-serial\x2dgetty.slice.
[[0;32m  OK  [0m] Created slice system-serial\x2dgetty.slice.
[   36.316910] systemd[1]: Starting Create list of required static device nodes for the current kernel...
         Starting Create list of required st... nodes for the current kernel...
[   36.331450] systemd[1]: Starting Remount Root and Kernel File Systems...
         Starting Remount Root a[   36.339604] EXT4-fs (sda1): re-mounted. Opts: (null)
nd Kernel File Systems...
[   36.341884] systemd[1]: Starting Monitoring of LVM2 mirrors, snapshots etc. using dmeventd or progress polling...
         Starting Monitoring of LVM2 mirrors... dmeventd or progress polling...
[   36.540908] systemd[1]: Mounting POSIX Message Queue File System...
         Mounting POSIX Message Queue File System...
[   36.615650] systemd[1]: Mounting Huge Pages File System...
         Mounting Huge Pages File System...
[   36.617554] systemd[1]: Starting Nameserver information manager...
         Starting Nameserver information manager...
[   36.623247] systemd[1]: Starting Load Kernel Modules...
[   .756 Ldi iSC tnsrtla v0-0.
         Starting Load Kernel Mo[   37.362890] iscsi: registered transport (tcp)
dules...
[   37.402804] random: nonblocking pool is initialized
[   37.496773] systemd[1]: Mounting Debug File System...
         Mounting Debug File Sys[   37.699242] iscsi: registered transport (iser)
tem...
[   37.848958] systemd[1]: Reached target Slices.
[[0;32m  OK  [0m] Reached target Slices.
[   38.008990] systemd[1]: Starting Set console keymap...
         Starting Set console keymap...
[   38.117348] systemd[1]: Starting Uncomplicated firewall...
         Starting Uncomplicated firewall...
[   38.349017] systemd[1]: Started Forward Password Requests to Wall Directory Watch.
[[0;32m  OK  [0m] Started Forward Password Requests to Wall Directory Watch.
[   38.454776] systemd[1]: Set up automount Arbitrary Executable File Formats File System Automount Point.
[[0;32m  OK  [0m] Set up automount Arbitrary Executab...ats File System Automount Point.
[   38.618106] systemd[1]: Reached target User and Group Name Lookups.
[[0;32m  OK  [0m] Reached target User and Group Name Lookups.
[   38.873470] systemd[1]: Mounted Debug File System.
[[0;32m  OK  [0m] Mounted Debug File System.
[   38.980878] systemd[1]: Mounted Huge Pages File System.
[[0;32m  OK  [0m] Mounted Huge Pages File System.
[   39.103841] systemd[1]: Mounted POSIX Message Queue File System.
[[0;32m  OK  [0m] Mounted POSIX Message Queue File System.
[   39.105441] systemd[1]: Started Journal Service.
[[0;32m  OK  [0m] Started Journal Service.
[[0;32m  OK  [0m] Started Create list of required sta...ce nodes for the current kernel.
[[0;32m  OK  [0m] Started Remount Root and Kernel File Systems.
[[0;32m  OK  [0m] Started Load Kernel Modules.
[[0;32m  OK  [0m] Started Set console keymap.
[[0;32m  OK  [0m] Started Uncomplicated firewall.
[[0;32m  OK  [0m] Started Nameserver information manager.
[[0;32m  OK  [0m] Started LVM2 metadata daemon.
         Mounting FUSE Control File System...
         Starting Apply Kernel Variables...
         Starting Load/Save Random Seed...
         Starting Initial cloud-init job (pre-networking)...
         Starting udev Coldplug all Devices...
         Starting Create Static Device Nodes in /dev...
         Starting Flush Journal to Persistent Storage...
[[0;32m  OK  [0m] Mounted FUSE Control File System.
[[0;32m  OK  [0m] Started Apply Kernel Variables.
[[0;32m  OK  [0m] Started Load/Save Random Seed.
[[0;32m  OK  [0m] Started Create Static Device Nodes in /dev.
[[0;32m  OK  [0m] Started udev Coldplug all Devices.
[[0;32m  OK  [0m] Started Flush Journal to Persistent Storage.
         Starting udev Kernel Device Manager...
[[0;32m  OK  [0m] Started udev Kernel Device Manager.
[[0;32m  OK  [0m] Started Dispatch Password Requests to Console Directory Watch.
[[0;32m  OK  [0m] Found device /dev/ttyS0.
[[0;32m  OK  [0m] Found device 82540EM Gigabit Ethern...r (PRO/1000 MT Desktop Adapter).
[[0;32m  OK  [0m] Started Monitoring of LVM2 mirrors,...ng dmeventd or progress polling.
[[0;32m  OK  [0m] Found device 82540EM Gigabit Ethern...r (PRO/1000 MT Desktop Adapter).
[[0;32m  OK  [0m] Listening on Load/Save RF Kill Switch Status /dev/rfkill Watch.
[[0;32m  OK  [0m] Reached target Local File Systems (Pre).
[[0;32m  OK  [0m] Reached target Local File Systems.
[   26.310026] cloud-init[456]: Cloud-init v. 0.7.9 running 'init-local' at Sat, 08 Apr 2017 14:56:02 +0000. Up 26.12 seconds.
         Starting Create Volatile Files and Directories...
         Starting Tell Plymouth To Write Out Runtime Data...
         Starting LSB: AppArmor initialization...
         Starting Set console font and keymap...
[[0;32m  OK  [0m] Started Create Volatile Files and Directories.
[[0;32m  OK  [0m] Started Tell Plymouth To Write Out Runtime Data.
[[0;32m  OK  [0m] Started Initial cloud-init job (pre-networking).
[[0;32m  OK  [0m] Reached target Network (Pre).
         Starting Update UTMP about System Boot/Shutdown...
[[0;32m  OK  [0m] Reached target System Time Synchronized.
[[0;32m  OK  [0m] Started LSB: AppArmor initialization.
[[0;32m  OK  [0m] Started Set console font and keymap.
[[0;32m  OK  [0m] Created slice system-getty.slice.
         Starting Raise network interfaces...
[[0;32m  OK  [0m] Started ifup for enp0s8.
[[0;32m  OK  [0m] Started ifup for enp0s3.
[[0;32m  OK  [0m] Started Update UTMP about System Boot/Shutdown.
[[0;32m  OK  [0m] Started Raise network interfaces.
[[0;32m  OK  [0m] Reached target Network.
         Starting Initial cloud-init job (metadata service crawler)...
[   29.466024] cloud-init[1054]: Cloud-init v. 0.7.9 running 'init' at Sat, 08 Apr 2017 14:56:05 +0000. Up 29.25 seconds.
[   29.470819] cloud-init[1054]: ci-info: ++++++++++++++++++++++++++++++++++++++Net device info++++++++++++++++++++++++++++++++++++++
[   29.508412] cloud-init[1054]: ci-info: +--------+------+-----------------------------+---------------+-------+-------------------+
[   29.517703] cloud-init[1054]: ci-info: | Device |  Up  |           Address           |      Mask     | Scope |     Hw-Address    |
[   29.517866] cloud-init[1054]: ci-info: +--------+------+-----------------------------+---------------+-------+-------------------+
[[0;32m  OK  [0m] Started Initial cloud-init job (metadata service crawler).
[   29.517987] cloud-init[1054]: ci-info: | enp0s3 | True |          10.0.2.15          | 255.255.255.0 |   .   | 02:6f:83:38:c1:e5 |
[   29.534286] cloud-init[1054]: ci-info: | enp0s3 | True |  fe80::6f:83ff:fe38:c1e5/64 |       .       |  link | 02:6f:83:38:c1:e5 |
[[0;32m  OK  [0m] Reached target Cloud-config availability.
[   29.534613] cloud-init[1054]: ci-info: |   lo   | True |          127.0.0.1          |   255.0.0.0   |   .   |         .         |
[   29.541364] cloud-init[1054]: ci-info: |   lo   | True |           ::1/128           |       .       |  host |         .         |
[   29.541444] cloud-init[1054]: ci-info: | enp0s8 | True |        192.168.33.10        | 255.255.255.0 |   .   | 08:00:27:70:43:29 |
[   29.541573] cloud-init[1054]: ci-info: | enp0s8 | True | fe80::a00:27ff:fe70:4329/64 |       .       |  link | 08:00:27:70:43:29 |
[   29.541687] cloud-init[1054]: ci-info: +--------+------+-----------------------------+---------------+-------+-------------------+
[   29.541808] cloud-init[1054]: ci-info: ++++++++++++++++++++++++++++Route IPv4 info++++++++++++++++++++++++++++
[   29.541932] cloud-init[1054]: ci-info: +-------+--------------+----------+---------------+-----------+-------+
[[0;32m  OK  [0m] Reached target Network is Online.
[   29.542076] cloud-init[1054]: ci-info: | Route | Destination  | Gateway  |    Genmask    | Interface | Flags |
[   29.862113] cloud-init[1054]: ci-info: +-------+--------------+----------+---------------+-----------+-------+
[   29.863273] cloud-init[1054]: ci-info: |   0   |   0.0.0.0    | 10.0.2.2 |    0.0.0.0    |   enp0s3  |   UG  |
[   29.864467] cloud-init[1054]: ci-info: |   1   |   10.0.2.0   | 0.0.0.0  | 255.255.255.0 |   enp0s3  |   U   |
[   29.872321] cloud-init[1054]: ci-info: |   2   | 192.168.33.0 | 0.0.0.0  | 255.255.255.0 |   enp0s8  |   U   |
[   29.911683] cloud-init[1054]: ci-info: +-------+--------------+----------+---------------+-----------+-------+
         Starting iSCSI initiator daemon (iscsid)...
[[0;32m  OK  [0m] Reached target System Initialization.
         Starting LXD - unix socket.
[[0;32m  OK  [0m] Listening on UUID daemon activation socket.
         Starting Socket activation for snappy daemon.
[[0;32m  OK  [0m] Started Daily Cleanup of Temporary Directories.
[[0;32m  OK  [0m] Listening on D-Bus System Message Bus Socket.
[[0;32m  OK  [0m] Started Trigger resolvconf update for networkd DNS.
[[0;32m  OK  [0m] Started ACPI Events Check.
[[0;32m  OK  [0m] Reached target Paths.
[[0;32m  OK  [0m] Started Timer to automatically refresh installed snaps.
[[0;32m  OK  [0m] Started Clean PHP session files every 30 mins.
[[0;32m  OK  [0m] Started Daily apt activities.
[[0;32m  OK  [0m] Reached target Timers.
[[0;32m  OK  [0m] Listening on ACPID Listen Socket.
[[0;32m  OK  [0m] Listening on LXD - unix socket.
[[0;32m  OK  [0m] Listening on Socket activation for snappy daemon.
[[0;32m  OK  [0m] Started iSCSI initiator daemon (iscsid).
         Starting Login to default iSCSI targets...
[[0;32m  OK  [0m] Reached target Sockets.
[[0;32m  OK  [0m] Reached target Basic System.
         Starting System Logging Service...
[[0;32m  OK  [0m] Started Snappy daemon.
[[0;32m  OK  [0m] Started FUSE filesystem for LXC.
         Starting Auto import assertions from block devices...
         Starting LSB: Record successful boot for GRUB...
         Starting LSB: MD monitoring daemon...
[[0;32m  OK  [0m] Started Regular background program processing daemon.
[[0;32m  OK  [0m] Started ACPI event daemon.
         Starting Accounts Service...
         Starting Login Service...
         Starting MySQL Community Server...
         Starting /etc/rc.local Compatibility...
[[0;32m  OK  [0m] Started D-Bus System Message Bus.
[[0;32m  OK  [0m] Started Deferred execution scheduler.
         Starting OpenBSD Secure Shell server...
         Starting Apply the settings specified in cloud-config...
         Starting LXD - container startup/shutdown...
[[0;32m  OK  [0m] Started System Logging Service.
[[0;32m  OK  [0m] Started OpenBSD Secure Shell server.
[[0;32m  OK  [0m] Started Auto import assertions from block devices.
[[0;32m  OK  [0m] Started /etc/rc.local Compatibility.
[[0;32m  OK  [0m] Started Login to default iSCSI targets.
[[0;32m  OK  [0m] Started LSB: Record successful boot for GRUB.
[[0;32m  OK  [0m] Started LSB: MD monitoring daemon.
[[0;32m  OK  [0m] Started LXD - container startup/shutdown.
[[0;32m  OK  [0m] Started Login Service.
         Starting Authenticate and Authorize Users to Run Privileged Tasks...
[[0;32m  OK  [0m] Reached target Remote File Systems (Pre).
[[0;32m  OK  [0m] Reached target Remote File Systems.
         Starting LSB: VirtualBox Linux Additions...
         Starting LSB: Set the CPU Frequency Scaling governor to "ondemand"...
         Starting LSB: Apache2 web server...
         Starting Permit User Sessions...
         Starting LSB: daemon to balance interrupts for SMP systems...
[   30.809745] cloud-init[1177]: Cloud-init v. 0.7.9 running 'modules:config' at Sat, 08 Apr 2017 14:56:07 +0000. Up 30.72 seconds.
         Starting LSB: automatic crash report generation...
[[0;32m  OK  [0m] Started Apply the settings specified in cloud-config.
[[0;32m  OK  [0m] Started Permit User Sessions.
[[0;32m  OK  [0m] Started Authenticate and Authorize Users to Run Privileged Tasks.
[[0;32m  OK  [0m] Started Accounts Service.
[[0;32m  OK  [0m] Started LSB: Set the CPU Frequency Scaling governor to "ondemand".
[[0;32m  OK  [0m] Created slice User Slice of ubuntu.
         Starting User Manager for UID 1000...
[[0;32m  OK  [0m] Started Session 1 of user ubuntu.
         Starting Hold until boot process finishes up...
         Starting Terminate Plymouth Boot Screen...
[[0;32m  OK  [0m] Started LSB: VirtualBox Linux Additions.
[[0;32m  OK  [0m] Started LSB: daemon to balance interrupts for SMP systems.
[[0;32m  OK  [0m] Started LSB: automatic crash report generation.
[[0;32m  OK  [0m] Started Hold until boot process finishes up.
[[0;32m  OK  [0m] Started Terminate Plymouth Boot Screen.
[[0;32m  OK  [0m] Started User Manager for UID 1000.
[[0;32m  OK  [0m] Started Serial Getty on ttyS0.
         Starting Set console scheme...
[[0;32m  OK  [0m] Started Getty on tty1.
[[0;32m  OK  [0m] Reached target Login Prompts.
[[0;32m  OK  [0m] Started Set console scheme.
[[0;32m  OK  [0m] Started MySQL Community Server.
[[0;32m  OK  [0m] Started LSB: Apache2 web server.
[[0;32m  OK  [0m] Reached target Multi-User System.
         Starting Execute cloud user/final scripts...
[[0;32m  OK  [0m] Reached target Graphical Interface.
         Starting Update UTMP about System Runlevel Changes...
[[0;32m  OK  [0m] Started Update UTMP about System Runlevel Changes.
[   32.765052] cloud-init[1440]: Cloud-init v. 0.7.9 running 'modules:final' at Sat, 08 Apr 2017 14:56:09 +0000. Up 32.68 seconds.
[   32.786695] cloud-init[1440]: Cloud-init v. 0.7.9 finished at Sat, 08 Apr 2017 14:56:09 +0000. Datasource DataSourceNoCloud [seed=/dev/sdb][dsmode=net].  Up 32.75 seconds
[[0;32m  OK  [0m] Started Execute cloud user/final scripts.
[[0;32m  OK  [0m] Reached target Cloud-init target.

Ubuntu 16.04.2 LTS udemy ttyS0

udemy login: 